<?xml version="1.0" encoding="UTF-8" ?>
<testsuites>
  <testsuite errors="0" failures="0" hostname="MacBook-Pro-4.local" id="0" name="Junit" package="seleniumCI" skipped="0" tests="1" time="37.056" timestamp="2016-10-15T03:49:06">
      <properties>
[...]
</properties>

      <testcase classname="seleniumCI.Junit" name="testJunit" time="36.621" />

      <system-out><![CDATA[]]></system-out>

      <system-err><![CDATA[]]></system-err>

  </testsuite>
  <testsuite errors="2" failures="0" hostname="MacBook-Pro-4.local" id="1" name="Junit_chrome" package="seleniumCI" skipped="0" tests="1" time="10.402" timestamp="2016-10-15T03:49:45">
      <properties>
[...]
</properties>

      <testcase classname="seleniumCI.Junit_chrome" name="testJunit" time="10.298">
          <error message="Error communicating with the remote browser. It may have died.&#xa;Build info: version: &apos;2.53.0&apos;, revision: &apos;35ae25b&apos;, time: &apos;2016-03-15 17:00:58&apos;&#xa;System info: host: &apos;MacBook-Pro-4.local&apos;, ip: &apos;192.168.1.34&apos;, os.name: &apos;Mac OS X&apos;, os.arch: &apos;x86_64&apos;, os.version: &apos;10.10.5&apos;, java.version: &apos;1.8.0_101&apos;&#xa;Driver info: driver.version: RemoteWebDriver&#xa;Capabilities [{applicationCacheEnabled=false, rotatable=false, chrome={userDataDir=/var/folders/ch/yjqhp6kn6tb75ykwwxs77qm80000gn/T/.org.chromium.Chromium.VDLxnM}, takesHeapSnapshot=true, databaseEnabled=false, handlesAlerts=true, version=54.0.2840.59, platform=MAC, browserConnectionEnabled=false, nativeEvents=true, acceptSslCerts=true, locationContextEnabled=true, webStorageEnabled=true, browserName=chrome, takesScreenshot=true, javascriptEnabled=true, cssSelectorsEnabled=true}]&#xa;Session ID: c77a03682a4c07d03b42cf157d582153" type="org.openqa.selenium.remote.UnreachableBrowserException">org.openqa.selenium.remote.UnreachableBrowserException: Error communicating with the remote browser. It may have died.
Build info: version: &apos;2.53.0&apos;, revision: &apos;35ae25b&apos;, time: &apos;2016-03-15 17:00:58&apos;
System info: host: &apos;MacBook-Pro-4.local&apos;, ip: &apos;192.168.1.34&apos;, os.name: &apos;Mac OS X&apos;, os.arch: &apos;x86_64&apos;, os.version: &apos;10.10.5&apos;, java.version: &apos;1.8.0_101&apos;
Driver info: driver.version: RemoteWebDriver
Capabilities [{applicationCacheEnabled=false, rotatable=false, chrome={userDataDir=/var/folders/ch/yjqhp6kn6tb75ykwwxs77qm80000gn/T/.org.chromium.Chromium.VDLxnM}, takesHeapSnapshot=true, databaseEnabled=false, handlesAlerts=true, version=54.0.2840.59, platform=MAC, browserConnectionEnabled=false, nativeEvents=true, acceptSslCerts=true, locationContextEnabled=true, webStorageEnabled=true, browserName=chrome, takesScreenshot=true, javascriptEnabled=true, cssSelectorsEnabled=true}]
Session ID: c77a03682a4c07d03b42cf157d582153
	at org.openqa.selenium.remote.RemoteWebDriver.execute(RemoteWebDriver.java:665)
	at org.openqa.selenium.remote.RemoteWebDriver.get(RemoteWebDriver.java:316)
	at seleniumCI.Junit_chrome.testJunit(Junit_chrome.java:37)
Caused by: org.openqa.selenium.WebDriverException: org.apache.http.conn.HttpHostConnectException: Connect to localhost:17911 [localhost/127.0.0.1, localhost/0:0:0:0:0:0:0:1] failed: Connection refused
Build info: version: &apos;2.53.0&apos;, revision: &apos;35ae25b&apos;, time: &apos;2016-03-15 17:00:58&apos;
System info: host: &apos;MacBook-Pro-4.local&apos;, ip: &apos;192.168.1.34&apos;, os.name: &apos;Mac OS X&apos;, os.arch: &apos;x86_64&apos;, os.version: &apos;10.10.5&apos;, java.version: &apos;1.8.0_101&apos;
Driver info: driver.version: RemoteWebDriver
	at org.openqa.selenium.remote.service.DriverCommandExecutor.execute(DriverCommandExecutor.java:91)
	at org.openqa.selenium.remote.RemoteWebDriver.execute(RemoteWebDriver.java:644)
Caused by: org.apache.http.conn.HttpHostConnectException: Connect to localhost:17911 [localhost/127.0.0.1, localhost/0:0:0:0:0:0:0:1] failed: Connection refused
	at org.apache.http.impl.conn.DefaultHttpClientConnectionOperator.connect(DefaultHttpClientConnectionOperator.java:151)
	at org.apache.http.impl.conn.PoolingHttpClientConnectionManager.connect(PoolingHttpClientConnectionManager.java:353)
	at org.apache.http.impl.execchain.MainClientExec.establishRoute(MainClientExec.java:380)
	at org.apache.http.impl.execchain.MainClientExec.execute(MainClientExec.java:236)
	at org.apache.http.impl.execchain.ProtocolExec.execute(ProtocolExec.java:184)
	at org.apache.http.impl.execchain.RetryExec.execute(RetryExec.java:88)
	at org.apache.http.impl.execchain.RedirectExec.execute(RedirectExec.java:110)
	at org.apache.http.impl.client.InternalHttpClient.doExecute(InternalHttpClient.java:184)
	at org.apache.http.impl.client.CloseableHttpClient.execute(CloseableHttpClient.java:71)
	at org.apache.http.impl.client.CloseableHttpClient.execute(CloseableHttpClient.java:55)
	at org.openqa.selenium.remote.internal.ApacheHttpClient.fallBackExecute(ApacheHttpClient.java:162)
	at org.openqa.selenium.remote.internal.ApacheHttpClient.execute(ApacheHttpClient.java:90)
	at org.openqa.selenium.remote.HttpCommandExecutor.execute(HttpCommandExecutor.java:142)
	at org.openqa.selenium.remote.service.DriverCommandExecutor.execute(DriverCommandExecutor.java:82)
Caused by: java.net.ConnectException: Connection refused
	at java.net.PlainSocketImpl.socketConnect(Native Method)
	at java.net.AbstractPlainSocketImpl.doConnect(AbstractPlainSocketImpl.java:350)
	at java.net.AbstractPlainSocketImpl.connectToAddress(AbstractPlainSocketImpl.java:206)
	at java.net.AbstractPlainSocketImpl.connect(AbstractPlainSocketImpl.java:188)
	at java.net.SocksSocketImpl.connect(SocksSocketImpl.java:392)
	at java.net.Socket.connect(Socket.java:589)
	at org.apache.http.conn.socket.PlainConnectionSocketFactory.connectSocket(PlainConnectionSocketFactory.java:74)
	at org.apache.http.impl.conn.DefaultHttpClientConnectionOperator.connect(DefaultHttpClientConnectionOperator.java:134)
</error>

          <error message="Error communicating with the remote browser. It may have died.&#xa;Build info: version: &apos;2.53.0&apos;, revision: &apos;35ae25b&apos;, time: &apos;2016-03-15 17:00:58&apos;&#xa;System info: host: &apos;MacBook-Pro-4.local&apos;, ip: &apos;192.168.1.34&apos;, os.name: &apos;Mac OS X&apos;, os.arch: &apos;x86_64&apos;, os.version: &apos;10.10.5&apos;, java.version: &apos;1.8.0_101&apos;&#xa;Driver info: driver.version: RemoteWebDriver&#xa;Capabilities [{applicationCacheEnabled=false, rotatable=false, chrome={userDataDir=/var/folders/ch/yjqhp6kn6tb75ykwwxs77qm80000gn/T/.org.chromium.Chromium.VDLxnM}, takesHeapSnapshot=true, databaseEnabled=false, handlesAlerts=true, version=54.0.2840.59, platform=MAC, browserConnectionEnabled=false, nativeEvents=true, acceptSslCerts=true, locationContextEnabled=true, webStorageEnabled=true, browserName=chrome, takesScreenshot=true, javascriptEnabled=true, cssSelectorsEnabled=true}]&#xa;Session ID: c77a03682a4c07d03b42cf157d582153" type="org.openqa.selenium.remote.UnreachableBrowserException">org.openqa.selenium.remote.UnreachableBrowserException: Error communicating with the remote browser. It may have died.
Build info: version: &apos;2.53.0&apos;, revision: &apos;35ae25b&apos;, time: &apos;2016-03-15 17:00:58&apos;
System info: host: &apos;MacBook-Pro-4.local&apos;, ip: &apos;192.168.1.34&apos;, os.name: &apos;Mac OS X&apos;, os.arch: &apos;x86_64&apos;, os.version: &apos;10.10.5&apos;, java.version: &apos;1.8.0_101&apos;
Driver info: driver.version: RemoteWebDriver
Capabilities [{applicationCacheEnabled=false, rotatable=false, chrome={userDataDir=/var/folders/ch/yjqhp6kn6tb75ykwwxs77qm80000gn/T/.org.chromium.Chromium.VDLxnM}, takesHeapSnapshot=true, databaseEnabled=false, handlesAlerts=true, version=54.0.2840.59, platform=MAC, browserConnectionEnabled=false, nativeEvents=true, acceptSslCerts=true, locationContextEnabled=true, webStorageEnabled=true, browserName=chrome, takesScreenshot=true, javascriptEnabled=true, cssSelectorsEnabled=true}]
Session ID: c77a03682a4c07d03b42cf157d582153
	at org.openqa.selenium.remote.RemoteWebDriver.execute(RemoteWebDriver.java:665)
	at org.openqa.selenium.remote.RemoteWebDriver.execute(RemoteWebDriver.java:701)
	at org.openqa.selenium.remote.RemoteWebDriver.quit(RemoteWebDriver.java:526)
	at seleniumCI.Junit_chrome.tearDown(Junit_chrome.java:77)
Caused by: org.openqa.selenium.WebDriverException: org.apache.http.conn.HttpHostConnectException: Connect to localhost:17911 [localhost/127.0.0.1, localhost/0:0:0:0:0:0:0:1] failed: Connection refused
Build info: version: &apos;2.53.0&apos;, revision: &apos;35ae25b&apos;, time: &apos;2016-03-15 17:00:58&apos;
System info: host: &apos;MacBook-Pro-4.local&apos;, ip: &apos;192.168.1.34&apos;, os.name: &apos;Mac OS X&apos;, os.arch: &apos;x86_64&apos;, os.version: &apos;10.10.5&apos;, java.version: &apos;1.8.0_101&apos;
Driver info: driver.version: RemoteWebDriver
	at org.openqa.selenium.remote.service.DriverCommandExecutor.execute(DriverCommandExecutor.java:91)
	at org.openqa.selenium.remote.RemoteWebDriver.execute(RemoteWebDriver.java:644)
Caused by: org.apache.http.conn.HttpHostConnectException: Connect to localhost:17911 [localhost/127.0.0.1, localhost/0:0:0:0:0:0:0:1] failed: Connection refused
	at org.apache.http.impl.conn.DefaultHttpClientConnectionOperator.connect(DefaultHttpClientConnectionOperator.java:151)
	at org.apache.http.impl.conn.PoolingHttpClientConnectionManager.connect(PoolingHttpClientConnectionManager.java:353)
	at org.apache.http.impl.execchain.MainClientExec.establishRoute(MainClientExec.java:380)
	at org.apache.http.impl.execchain.MainClientExec.execute(MainClientExec.java:236)
	at org.apache.http.impl.execchain.ProtocolExec.execute(ProtocolExec.java:184)
	at org.apache.http.impl.execchain.RetryExec.execute(RetryExec.java:88)
	at org.apache.http.impl.execchain.RedirectExec.execute(RedirectExec.java:110)
	at org.apache.http.impl.client.InternalHttpClient.doExecute(InternalHttpClient.java:184)
	at org.apache.http.impl.client.CloseableHttpClient.execute(CloseableHttpClient.java:71)
	at org.apache.http.impl.client.CloseableHttpClient.execute(CloseableHttpClient.java:55)
	at org.openqa.selenium.remote.internal.ApacheHttpClient.fallBackExecute(ApacheHttpClient.java:144)
	at org.openqa.selenium.remote.internal.ApacheHttpClient.execute(ApacheHttpClient.java:90)
	at org.openqa.selenium.remote.HttpCommandExecutor.execute(HttpCommandExecutor.java:142)
	at org.openqa.selenium.remote.service.DriverCommandExecutor.execute(DriverCommandExecutor.java:82)
Caused by: java.net.ConnectException: Connection refused
	at java.net.PlainSocketImpl.socketConnect(Native Method)
	at java.net.AbstractPlainSocketImpl.doConnect(AbstractPlainSocketImpl.java:350)
	at java.net.AbstractPlainSocketImpl.connectToAddress(AbstractPlainSocketImpl.java:206)
	at java.net.AbstractPlainSocketImpl.connect(AbstractPlainSocketImpl.java:188)
	at java.net.SocksSocketImpl.connect(SocksSocketImpl.java:392)
	at java.net.Socket.connect(Socket.java:589)
	at org.apache.http.conn.socket.PlainConnectionSocketFactory.connectSocket(PlainConnectionSocketFactory.java:74)
	at org.apache.http.impl.conn.DefaultHttpClientConnectionOperator.connect(DefaultHttpClientConnectionOperator.java:134)
</error>

      </testcase>

      <system-out><![CDATA[]]></system-out>

      <system-err><![CDATA[Starting ChromeDriver (v2.8.241036) on port 17911
Oct 15, 2016 10:49:55 AM org.openqa.selenium.os.UnixProcess destroy
INFO: Command failed to close cleanly. Destroying forcefully (v2). [/Users/Earth/Documents/workspace/chromedriver, --port=17911][ {}]
]]></system-err>

  </testsuite>
</testsuites>
